2025-10-24 22:23:13,001 - 24-10-2025 22:23:12 | User: super_admin | Action: Logged in successfully | SUSPICIOUS: No
2025-10-24 22:24:15,779 - 24-10-2025 22:24:15 | User: super_admin | Action: Created new System Admin user: Ceyda1236 | SUSPICIOUS: No
2025-10-24 22:24:35,277 - 24-10-2025 22:24:35 | User: super_admin | Action: Created new Service Engineer user: CeydaTest2 | SUSPICIOUS: No
2025-10-24 22:26:58,416 - 24-10-2025 22:26:58 | User: super_admin | Action: System exit | SUSPICIOUS: No
2025-10-24 22:29:55,117 - 24-10-2025 22:29:55 | User: super_admin | Action: Logged in successfully | SUSPICIOUS: No
2025-10-24 22:34:21,584 - 24-10-2025 22:34:21 | User: super_admin | Action: System exit | SUSPICIOUS: No
2025-10-24 22:36:03,252 - 24-10-2025 22:36:03 | User: super_admin | Action: Logged in successfully | SUSPICIOUS: No
2025-10-24 22:36:28,721 - 24-10-2025 22:36:28 | User: super_admin | Action: System exit | SUSPICIOUS: No
2025-10-24 22:36:59,506 - 24-10-2025 22:36:59 | User: super_admin | Action: Logged in successfully | SUSPICIOUS: No
2025-10-24 22:39:23,817 - 24-10-2025 22:39:23 | User: super_admin | Action: System exit | SUSPICIOUS: No
2025-10-24 22:42:11,904 - 24-10-2025 22:42:11 | User: super_admin | Action: Logged in successfully | SUSPICIOUS: No
2025-10-24 22:42:27,758 - 24-10-2025 22:42:27 | User: super_admin | Action: Created new Service Engineer user: ceydaaa12 | SUSPICIOUS: No
2025-10-24 22:42:38,957 - 24-10-2025 22:42:38 | User: super_admin | Action: System exit | SUSPICIOUS: No
2025-10-24 22:44:20,623 - 24-10-2025 22:44:20 | User: ceydaaa12 | Action: Logged in successfully | SUSPICIOUS: No
2025-10-24 22:45:49,928 - 24-10-2025 22:45:49 | User: ceydaaa12 | Action: System exit | SUSPICIOUS: No
2025-10-24 22:46:14,807 - 24-10-2025 22:46:14 | User: super_admin | Action: Logged in successfully | SUSPICIOUS: No
2025-10-24 22:46:47,840 - 24-10-2025 22:46:47 | User: super_admin | Action: Deleted user: Ceyda1236 | SUSPICIOUS: No
2025-10-24 22:47:01,987 - 24-10-2025 22:47:01 | User: super_admin | Action: Created new System Admin user: Ceyda1236 | SUSPICIOUS: No
2025-10-24 22:47:05,544 - 24-10-2025 22:47:05 | User: super_admin | Action: System exit | SUSPICIOUS: No
2025-10-24 22:47:28,209 - 24-10-2025 22:47:28 | User: Ceyda1236 | Action: Logged in successfully | SUSPICIOUS: No
2025-10-24 22:49:52,670 - 24-10-2025 22:49:52 | User: super_admin | Action: Created new Service Engineer user: test_engineer | SUSPICIOUS: No
2025-10-24 22:52:01,789 - 24-10-2025 22:52:01 | User: super_admin | Action: Logged in successfully | SUSPICIOUS: No
2025-10-24 22:52:14,879 - 24-10-2025 22:52:14 | User: super_admin | Action: Created new System Admin user: ceyda1236 | SUSPICIOUS: No
2025-10-24 22:52:34,153 - 24-10-2025 22:52:34 | User: super_dadmin | Action: System exit | SUSPICIOUS: No
2025-10-24 22:52:53,586 - 24-10-2025 22:52:53 | User: ceyda1236 | Action: Logged in successfully | SUSPICIOUS: No
